<?xml version="1.0" encoding="UTF-8"?>
<robot generator="Robot 3.2.2 (Python 3.6.8 on linux)" generated="20201220 23:54:13.931" rpa="false">
<suite id="s1" name="Nas Test1" source="/home/vkmini/nas/nas_gateway/nas_robot/nas_test1.robot">
<test id="s1-t1" name="Valid Login">
<kw name="Open Browser To Login Page">
<kw name="Open Browser" library="SeleniumLibrary">
<doc>Opens a new browser instance to the optional ``url``.</doc>
<arguments>
<arg>${LOGIN URL}</arg>
<arg>${BROWSER}</arg>
</arguments>
<msg timestamp="20201220 23:54:14.458" level="INFO">Opening browser 'Chrome' to base url 'http://192.168.43.162:4000'.</msg>
<status status="PASS" starttime="20201220 23:54:14.458" endtime="20201220 23:54:32.987"></status>
</kw>
<kw name="Title Should Be" library="SeleniumLibrary">
<doc>Verifies that the current page title equals ``title``.</doc>
<arguments>
<arg>NAS GATEWAY</arg>
</arguments>
<msg timestamp="20201220 23:54:32.997" level="INFO">Page title is 'NAS GATEWAY'.</msg>
<status status="PASS" starttime="20201220 23:54:32.988" endtime="20201220 23:54:32.998"></status>
</kw>
<status status="PASS" starttime="20201220 23:54:14.456" endtime="20201220 23:54:32.998"></status>
</kw>
<kw name="Input Username">
<arguments>
<arg>USER1</arg>
</arguments>
<kw name="Input Text" library="SeleniumLibrary">
<doc>Types the given ``text`` into the text field identified by ``locator``.</doc>
<arguments>
<arg>username</arg>
<arg>${username}</arg>
</arguments>
<msg timestamp="20201220 23:54:33.008" level="INFO">Typing text 'USER1' into text field 'username'.</msg>
<status status="PASS" starttime="20201220 23:54:33.007" endtime="20201220 23:54:35.411"></status>
</kw>
<status status="PASS" starttime="20201220 23:54:32.999" endtime="20201220 23:54:35.411"></status>
</kw>
<kw name="Input Password">
<arguments>
<arg>vinay143</arg>
</arguments>
<kw name="Input Text" library="SeleniumLibrary">
<doc>Types the given ``text`` into the text field identified by ``locator``.</doc>
<arguments>
<arg>password</arg>
<arg>${password}</arg>
</arguments>
<msg timestamp="20201220 23:54:35.413" level="INFO">Typing text 'vinay143' into text field 'password'.</msg>
<status status="PASS" starttime="20201220 23:54:35.413" endtime="20201220 23:54:35.757"></status>
</kw>
<status status="PASS" starttime="20201220 23:54:35.412" endtime="20201220 23:54:35.757"></status>
</kw>
<kw name="Submit Credentials">
<kw name="Click Button" library="SeleniumLibrary">
<doc>Clicks the button identified by ``locator``.</doc>
<arguments>
<arg>login_button</arg>
</arguments>
<msg timestamp="20201220 23:54:35.765" level="INFO">Clicking button 'login_button'.</msg>
<status status="PASS" starttime="20201220 23:54:35.759" endtime="20201220 23:54:36.835"></status>
</kw>
<status status="PASS" starttime="20201220 23:54:35.758" endtime="20201220 23:54:36.836"></status>
</kw>
<kw name="Set Selenium Speed" library="SeleniumLibrary">
<doc>Sets the delay that is waited after each Selenium command.</doc>
<arguments>
<arg>2</arg>
</arguments>
<status status="PASS" starttime="20201220 23:54:36.836" endtime="20201220 23:54:36.850"></status>
</kw>
<kw name="Close Browser" library="SeleniumLibrary" type="teardown">
<doc>Closes the current browser.</doc>
<status status="PASS" starttime="20201220 23:54:36.851" endtime="20201220 23:54:38.924"></status>
</kw>
<status status="PASS" starttime="20201220 23:54:14.452" endtime="20201220 23:54:38.924" critical="yes"></status>
</test>
<status status="PASS" starttime="20201220 23:54:13.935" endtime="20201220 23:54:38.927"></status>
</suite>
<statistics>
<total>
<stat pass="1" fail="0">Critical Tests</stat>
<stat pass="1" fail="0">All Tests</stat>
</total>
<tag>
</tag>
<suite>
<stat pass="1" fail="0" id="s1" name="Nas Test1">Nas Test1</stat>
</suite>
</statistics>
<errors>
</errors>
</robot>
