<?xml version="1.0" encoding="UTF-8"?>
<robot generator="Robot 3.2.2 (Python 3.6.8 on linux)" generated="20201218 06:35:57.847" rpa="false">
<suite id="s1" name="Nas Test1" source="/home/vkmini/nas_gateway/nas_robot/nas_test1.robot">
<test id="s1-t1" name="Valid Login">
<kw name="Open Browser To Login Page">
<kw name="Open Browser" library="SeleniumLibrary">
<doc>Opens a new browser instance to the optional ``url``.</doc>
<arguments>
<arg>${LOGIN URL}</arg>
<arg>${BROWSER}</arg>
</arguments>
<msg timestamp="20201218 06:35:58.692" level="INFO">Opening browser 'HeadlessChrome' to base url 'http://192.168.43.162:4000'.</msg>
<status status="PASS" starttime="20201218 06:35:58.691" endtime="20201218 06:36:06.466"></status>
</kw>
<kw name="Title Should Be" library="SeleniumLibrary">
<doc>Verifies that the current page title equals ``title``.</doc>
<arguments>
<arg>NAS GATEWAY</arg>
</arguments>
<msg timestamp="20201218 06:36:06.481" level="INFO">Page title is 'NAS GATEWAY'.</msg>
<status status="PASS" starttime="20201218 06:36:06.467" endtime="20201218 06:36:06.481"></status>
</kw>
<status status="PASS" starttime="20201218 06:35:58.690" endtime="20201218 06:36:06.482"></status>
</kw>
<kw name="Input Username">
<arguments>
<arg>USER1</arg>
</arguments>
<kw name="Input Text" library="SeleniumLibrary">
<doc>Types the given ``text`` into the text field identified by ``locator``.</doc>
<arguments>
<arg>username</arg>
<arg>${username}</arg>
</arguments>
<msg timestamp="20201218 06:36:06.484" level="INFO">Typing text 'USER1' into text field 'username'.</msg>
<status status="PASS" starttime="20201218 06:36:06.484" endtime="20201218 06:36:09.111"></status>
</kw>
<status status="PASS" starttime="20201218 06:36:06.482" endtime="20201218 06:36:09.118"></status>
</kw>
<kw name="Input Password">
<arguments>
<arg>vinay143</arg>
</arguments>
<kw name="Input Text" library="SeleniumLibrary">
<doc>Types the given ``text`` into the text field identified by ``locator``.</doc>
<arguments>
<arg>password</arg>
<arg>${password}</arg>
</arguments>
<msg timestamp="20201218 06:36:09.132" level="INFO">Typing text 'vinay143' into text field 'password'.</msg>
<status status="PASS" starttime="20201218 06:36:09.121" endtime="20201218 06:36:09.575"></status>
</kw>
<status status="PASS" starttime="20201218 06:36:09.119" endtime="20201218 06:36:09.575"></status>
</kw>
<kw name="Submit Credentials">
<kw name="Click Button" library="SeleniumLibrary">
<doc>Clicks the button identified by ``locator``.</doc>
<arguments>
<arg>login_button</arg>
</arguments>
<msg timestamp="20201218 06:36:09.589" level="INFO">Clicking button 'login_button'.</msg>
<status status="PASS" starttime="20201218 06:36:09.589" endtime="20201218 06:36:09.885"></status>
</kw>
<status status="PASS" starttime="20201218 06:36:09.588" endtime="20201218 06:36:09.886"></status>
</kw>
<kw name="Set Selenium Speed" library="SeleniumLibrary">
<doc>Sets the delay that is waited after each Selenium command.</doc>
<arguments>
<arg>2</arg>
</arguments>
<status status="PASS" starttime="20201218 06:36:09.889" endtime="20201218 06:36:09.889"></status>
</kw>
<kw name="Close Browser" library="SeleniumLibrary" type="teardown">
<doc>Closes the current browser.</doc>
<status status="PASS" starttime="20201218 06:36:09.891" endtime="20201218 06:36:12.007"></status>
</kw>
<status status="PASS" starttime="20201218 06:35:58.685" endtime="20201218 06:36:12.008" critical="yes"></status>
</test>
<status status="PASS" starttime="20201218 06:35:57.851" endtime="20201218 06:36:12.024"></status>
</suite>
<statistics>
<total>
<stat pass="1" fail="0">Critical Tests</stat>
<stat pass="1" fail="0">All Tests</stat>
</total>
<tag>
</tag>
<suite>
<stat pass="1" fail="0" id="s1" name="Nas Test1">Nas Test1</stat>
</suite>
</statistics>
<errors>
</errors>
</robot>
